#
# There is insufficient memory for the Java Runtime Environment to continue.
# Native memory allocation (malloc) failed to allocate 755856 bytes for Chunk::new
# Possible reasons:
#   The system is out of physical RAM or swap space
#   The process is running with CompressedOops enabled, and the Java Heap may be blocking the growth of the native heap
# Possible solutions:
#   Reduce memory load on the system
#   Increase physical memory or swap space
#   Check if swap backing store is full
#   Decrease Java heap size (-Xmx/-Xms)
#   Decrease number of Java threads
#   Decrease Java thread stack sizes (-Xss)
#   Set larger code cache with -XX:ReservedCodeCacheSize=
#   JVM is running with Unscaled Compressed Oops mode in which the Java heap is
#     placed in the first 4GB address space. The Java Heap base address is the
#     maximum limit for the native heap growth. Please use -XX:HeapBaseMinAddress
#     to set the Java Heap base and to place the Java Heap above 4GB virtual address.
# This output file may be truncated or incomplete.
#
#  Out of Memory Error (arena.cpp:189), pid=38392, tid=30712
#
# JRE version: Java(TM) SE Runtime Environment (17.0.10+11) (build 17.0.10+11-LTS-240)
# Java VM: Java HotSpot(TM) 64-Bit Server VM (17.0.10+11-LTS-240, mixed mode, sharing, tiered, compressed oops, compressed class ptrs, g1 gc, windows-amd64)
# No core dump will be written. Minidumps are not enabled by default on client versions of Windows
#

---------------  S U M M A R Y ------------

Command Line: -Xmx64m -Xms64m -Dorg.gradle.appname=gradlew org.gradle.wrapper.GradleWrapperMain app:installDebug -PreactNativeDevServerPort=8081

Host: 11th Gen Intel(R) Core(TM) i7-1165G7 @ 2.80GHz, 8 cores, 15G,  Windows 11 , 64 bit Build 22621 (10.0.22621.2506)
Time: Sat Mar  9 22:14:00 2024 India Standard Time elapsed time: 0.748725 seconds (0d 0h 0m 0s)

---------------  T H R E A D  ---------------

Current thread (0x0000021ac7c2ed90):  JavaThread "C2 CompilerThread0" daemon [_thread_in_native, id=30712, stack(0x00000072d5700000,0x00000072d5800000)]


Current CompileTask:
C2:    748  769       4       java.util.jar.JarFile::getEntry (35 bytes)

Stack: [0x00000072d5700000,0x00000072d5800000]
Native frames: (J=compiled Java code, j=interpreted, Vv=VM code, C=native code)
V  [jvm.dll+0x677a5a]
V  [jvm.dll+0x7d8b2d]
V  [jvm.dll+0x7da48e]
V  [jvm.dll+0x7daaf3]
V  [jvm.dll+0x2455ff]
V  [jvm.dll+0xaaafb]
V  [jvm.dll+0xab09c]
V  [jvm.dll+0x361b5f]
V  [jvm.dll+0x32c211]
V  [jvm.dll+0x32b6aa]
V  [jvm.dll+0x21794f]
V  [jvm.dll+0x216d81]
V  [jvm.dll+0x1a3410]
V  [jvm.dll+0x226aeb]
V  [jvm.dll+0x224cab]
V  [jvm.dll+0x78e45c]
V  [jvm.dll+0x78888a]
V  [jvm.dll+0x676935]
C  [ucrtbase.dll+0x29363]
C  [KERNEL32.DLL+0x1257d]
C  [ntdll.dll+0x5aa58]


---------------  P R O C E S S  ---------------

Threads class SMR info:
_java_thread_list=0x0000021b0d1c3830, length=13, elements={
0x0000021aae49e9b0, 0x0000021aae54a990, 0x0000021aae54b460, 0x0000021aae55daa0,
0x0000021aae5647a0, 0x0000021aae565070, 0x0000021aae565f50, 0x0000021ac7c2ed90,
0x0000021ac7c39420, 0x0000021ac7c3d960, 0x0000021b0d05b750, 0x0000021b0d05e810,
0x0000021b0d35e0d0
}

Java Threads: ( => current thread )
  0x0000021aae49e9b0 JavaThread "main" [_thread_in_native, id=37120, stack(0x00000072d4a00000,0x00000072d4b00000)]
  0x0000021aae54a990 JavaThread "Reference Handler" daemon [_thread_blocked, id=8536, stack(0x00000072d5100000,0x00000072d5200000)]
  0x0000021aae54b460 JavaThread "Finalizer" daemon [_thread_blocked, id=31884, stack(0x00000072d5200000,0x00000072d5300000)]
  0x0000021aae55daa0 JavaThread "Signal Dispatcher" daemon [_thread_blocked, id=26592, stack(0x00000072d5300000,0x00000072d5400000)]
  0x0000021aae5647a0 JavaThread "Attach Listener" daemon [_thread_blocked, id=22504, stack(0x00000072d5400000,0x00000072d5500000)]
  0x0000021aae565070 JavaThread "Service Thread" daemon [_thread_blocked, id=21040, stack(0x00000072d5500000,0x00000072d5600000)]
  0x0000021aae565f50 JavaThread "Monitor Deflation Thread" daemon [_thread_blocked, id=34476, stack(0x00000072d5600000,0x00000072d5700000)]
=>0x0000021ac7c2ed90 JavaThread "C2 CompilerThread0" daemon [_thread_in_native, id=30712, stack(0x00000072d5700000,0x00000072d5800000)]
  0x0000021ac7c39420 JavaThread "C1 CompilerThread0" daemon [_thread_blocked, id=21920, stack(0x00000072d5800000,0x00000072d5900000)]
  0x0000021ac7c3d960 JavaThread "Sweeper thread" daemon [_thread_blocked, id=12884, stack(0x00000072d5900000,0x00000072d5a00000)]
  0x0000021b0d05b750 JavaThread "Notification Thread" daemon [_thread_blocked, id=2724, stack(0x00000072d5a00000,0x00000072d5b00000)]
  0x0000021b0d05e810 JavaThread "Common-Cleaner" daemon [_thread_blocked, id=12516, stack(0x00000072d5c00000,0x00000072d5d00000)]
  0x0000021b0d35e0d0 JavaThread "C2 CompilerThread1" daemon [_thread_in_native, id=22692, stack(0x00000072d5d00000,0x00000072d5e00000)]

Other Threads:
  0x0000021aae543bc0 VMThread "VM Thread" [stack: 0x00000072d5000000,0x00000072d5100000] [id=31384]
  0x0000021aae4cd3c0 WatcherThread [stack: 0x00000072d5b00000,0x00000072d5c00000] [id=37072]
  0x0000021aae4c22c0 GCTaskThread "GC Thread#0" [stack: 0x00000072d4b00000,0x00000072d4c00000] [id=28536]
  0x0000021aae4c3920 ConcurrentGCThread "G1 Main Marker" [stack: 0x00000072d4c00000,0x00000072d4d00000] [id=23848]
  0x0000021aae4c4240 ConcurrentGCThread "G1 Conc#0" [stack: 0x00000072d4d00000,0x00000072d4e00000] [id=20248]
  0x0000021aae528fc0 ConcurrentGCThread "G1 Refine#0" [stack: 0x00000072d4e00000,0x00000072d4f00000] [id=4780]
  0x0000021aae529900 ConcurrentGCThread "G1 Service" [stack: 0x00000072d4f00000,0x00000072d5000000] [id=31424]

Threads with active compile tasks:
C2 CompilerThread0      783  769       4       java.util.jar.JarFile::getEntry (35 bytes)
C2 CompilerThread1      783  772   !   4       jdk.internal.loader.URLClassPath$JarLoader::getResource (65 bytes)

VM state: not at safepoint (normal execution)

VM Mutex/Monitor currently owned by a thread: None

Heap address: 0x00000000fc000000, size: 64 MB, Compressed Oops mode: 32-bit

CDS archive(s) mapped at: [0x0000021ac8000000-0x0000021ac8bd0000-0x0000021ac8bd0000), size 12386304, SharedBaseAddress: 0x0000021ac8000000, ArchiveRelocationMode: 1.
Compressed class space mapped at: 0x0000021ac9000000-0x0000021b09000000, reserved size: 1073741824
Narrow klass base: 0x0000021ac8000000, Narrow klass shift: 0, Narrow klass range: 0x100000000

GC Precious Log:
 CPUs: 8 total, 8 available
 Memory: 16126M
 Large Page Support: Disabled
 NUMA Support: Disabled
 Compressed Oops: Enabled (32-bit)
 Heap Region Size: 1M
 Heap Min Capacity: 64M
 Heap Initial Capacity: 64M
 Heap Max Capacity: 64M
 Pre-touch: Disabled
 Parallel Workers: 8
 Concurrent Workers: 2
 Concurrent Refinement Workers: 8
 Periodic GC: Disabled

Heap:
 garbage-first heap   total 65536K, used 25600K [0x00000000fc000000, 0x0000000100000000)
  region size 1024K, 23 young (23552K), 0 survivors (0K)
 Metaspace       used 3356K, committed 3520K, reserved 1114112K
  class space    used 392K, committed 448K, reserved 1048576K

Heap Regions: E=young(eden), S=young(survivor), O=old, HS=humongous(starts), HC=humongous(continues), CS=collection set, F=free, OA=open archive, CA=closed archive, TAMS=top-at-mark-start (previous, next)
|   0|0x00000000fc000000, 0x00000000fc100000, 0x00000000fc100000|100%|HS|  |TAMS 0x00000000fc000000, 0x00000000fc000000| Complete 
|   1|0x00000000fc100000, 0x00000000fc200000, 0x00000000fc200000|100%|HC|  |TAMS 0x00000000fc100000, 0x00000000fc100000| Complete 
|   2|0x00000000fc200000, 0x00000000fc300000, 0x00000000fc300000|100%|HC|  |TAMS 0x00000000fc200000, 0x00000000fc200000| Complete 
|   3|0x00000000fc300000, 0x00000000fc400000, 0x00000000fc400000|100%|HC|  |TAMS 0x00000000fc300000, 0x00000000fc300000| Complete 
|   4|0x00000000fc400000, 0x00000000fc400000, 0x00000000fc500000|  0%| F|  |TAMS 0x00000000fc400000, 0x00000000fc400000| Untracked 
|   5|0x00000000fc500000, 0x00000000fc500000, 0x00000000fc600000|  0%| F|  |TAMS 0x00000000fc500000, 0x00000000fc500000| Untracked 
|   6|0x00000000fc600000, 0x00000000fc600000, 0x00000000fc700000|  0%| F|  |TAMS 0x00000000fc600000, 0x00000000fc600000| Untracked 
|   7|0x00000000fc700000, 0x00000000fc700000, 0x00000000fc800000|  0%| F|  |TAMS 0x00000000fc700000, 0x00000000fc700000| Untracked 
|   8|0x00000000fc800000, 0x00000000fc800000, 0x00000000fc900000|  0%| F|  |TAMS 0x00000000fc800000, 0x00000000fc800000| Untracked 
|   9|0x00000000fc900000, 0x00000000fc900000, 0x00000000fca00000|  0%| F|  |TAMS 0x00000000fc900000, 0x00000000fc900000| Untracked 
|  10|0x00000000fca00000, 0x00000000fca00000, 0x00000000fcb00000|  0%| F|  |TAMS 0x00000000fca00000, 0x00000000fca00000| Untracked 
|  11|0x00000000fcb00000, 0x00000000fcb00000, 0x00000000fcc00000|  0%| F|  |TAMS 0x00000000fcb00000, 0x00000000fcb00000| Untracked 
|  12|0x00000000fcc00000, 0x00000000fcc00000, 0x00000000fcd00000|  0%| F|  |TAMS 0x00000000fcc00000, 0x00000000fcc00000| Untracked 
|  13|0x00000000fcd00000, 0x00000000fcd00000, 0x00000000fce00000|  0%| F|  |TAMS 0x00000000fcd00000, 0x00000000fcd00000| Untracked 
|  14|0x00000000fce00000, 0x00000000fce00000, 0x00000000fcf00000|  0%| F|  |TAMS 0x00000000fce00000, 0x00000000fce00000| Untracked 
|  15|0x00000000fcf00000, 0x00000000fcf00000, 0x00000000fd000000|  0%| F|  |TAMS 0x00000000fcf00000, 0x00000000fcf00000| Untracked 
|  16|0x00000000fd000000, 0x00000000fd000000, 0x00000000fd100000|  0%| F|  |TAMS 0x00000000fd000000, 0x00000000fd000000| Untracked 
|  17|0x00000000fd100000, 0x00000000fd100000, 0x00000000fd200000|  0%| F|  |TAMS 0x00000000fd100000, 0x00000000fd100000| Untracked 
|  18|0x00000000fd200000, 0x00000000fd200000, 0x00000000fd300000|  0%| F|  |TAMS 0x00000000fd200000, 0x00000000fd200000| Untracked 
|  19|0x00000000fd300000, 0x00000000fd300000, 0x00000000fd400000|  0%| F|  |TAMS 0x00000000fd300000, 0x00000000fd300000| Untracked 
|  20|0x00000000fd400000, 0x00000000fd400000, 0x00000000fd500000|  0%| F|  |TAMS 0x00000000fd400000, 0x00000000fd400000| Untracked 
|  21|0x00000000fd500000, 0x00000000fd500000, 0x00000000fd600000|  0%| F|  |TAMS 0x00000000fd500000, 0x00000000fd500000| Untracked 
|  22|0x00000000fd600000, 0x00000000fd600000, 0x00000000fd700000|  0%| F|  |TAMS 0x00000000fd600000, 0x00000000fd600000| Untracked 
|  23|0x00000000fd700000, 0x00000000fd700000, 0x00000000fd800000|  0%| F|  |TAMS 0x00000000fd700000, 0x00000000fd700000| Untracked 
|  24|0x00000000fd800000, 0x00000000fd800000, 0x00000000fd900000|  0%| F|  |TAMS 0x00000000fd800000, 0x00000000fd800000| Untracked 
|  25|0x00000000fd900000, 0x00000000fd900000, 0x00000000fda00000|  0%| F|  |TAMS 0x00000000fd900000, 0x00000000fd900000| Untracked 
|  26|0x00000000fda00000, 0x00000000fda00000, 0x00000000fdb00000|  0%| F|  |TAMS 0x00000000fda00000, 0x00000000fda00000| Untracked 
|  27|0x00000000fdb00000, 0x00000000fdb00000, 0x00000000fdc00000|  0%| F|  |TAMS 0x00000000fdb00000, 0x00000000fdb00000| Untracked 
|  28|0x00000000fdc00000, 0x00000000fdc00000, 0x00000000fdd00000|  0%| F|  |TAMS 0x00000000fdc00000, 0x00000000fdc00000| Untracked 
|  29|0x00000000fdd00000, 0x00000000fdd00000, 0x00000000fde00000|  0%| F|  |TAMS 0x00000000fdd00000, 0x00000000fdd00000| Untracked 
|  30|0x00000000fde00000, 0x00000000fde00000, 0x00000000fdf00000|  0%| F|  |TAMS 0x00000000fde00000, 0x00000000fde00000| Untracked 
|  31|0x00000000fdf00000, 0x00000000fdf00000, 0x00000000fe000000|  0%| F|  |TAMS 0x00000000fdf00000, 0x00000000fdf00000| Untracked 
|  32|0x00000000fe000000, 0x00000000fe000000, 0x00000000fe100000|  0%| F|  |TAMS 0x00000000fe000000, 0x00000000fe000000| Untracked 
|  33|0x00000000fe100000, 0x00000000fe100000, 0x00000000fe200000|  0%| F|  |TAMS 0x00000000fe100000, 0x00000000fe100000| Untracked 
|  34|0x00000000fe200000, 0x00000000fe200000, 0x00000000fe300000|  0%| F|  |TAMS 0x00000000fe200000, 0x00000000fe200000| Untracked 
|  35|0x00000000fe300000, 0x00000000fe300000, 0x00000000fe400000|  0%| F|  |TAMS 0x00000000fe300000, 0x00000000fe300000| Untracked 
|  36|0x00000000fe400000, 0x00000000fe400000, 0x00000000fe500000|  0%| F|  |TAMS 0x00000000fe400000, 0x00000000fe400000| Untracked 
|  37|0x00000000fe500000, 0x00000000fe500000, 0x00000000fe600000|  0%| F|  |TAMS 0x00000000fe500000, 0x00000000fe500000| Untracked 
|  38|0x00000000fe600000, 0x00000000fe600000, 0x00000000fe700000|  0%| F|  |TAMS 0x00000000fe600000, 0x00000000fe600000| Untracked 
|  39|0x00000000fe700000, 0x00000000fe700000, 0x00000000fe800000|  0%| F|  |TAMS 0x00000000fe700000, 0x00000000fe700000| Untracked 
|  40|0x00000000fe800000, 0x00000000fe800000, 0x00000000fe900000|  0%| F|  |TAMS 0x00000000fe800000, 0x00000000fe800000| Untracked 
|  41|0x00000000fe900000, 0x00000000fe976538, 0x00000000fea00000| 46%| E|  |TAMS 0x00000000fe900000, 0x00000000fe900000| Complete 
|  42|0x00000000fea00000, 0x00000000feb00000, 0x00000000feb00000|100%| E|CS|TAMS 0x00000000fea00000, 0x00000000fea00000| Complete 
|  43|0x00000000feb00000, 0x00000000fec00000, 0x00000000fec00000|100%| E|CS|TAMS 0x00000000feb00000, 0x00000000feb00000| Complete 
|  44|0x00000000fec00000, 0x00000000fed00000, 0x00000000fed00000|100%| E|CS|TAMS 0x00000000fec00000, 0x00000000fec00000| Complete 
|  45|0x00000000fed00000, 0x00000000fee00000, 0x00000000fee00000|100%| E|CS|TAMS 0x00000000fed00000, 0x00000000fed00000| Complete 
|  46|0x00000000fee00000, 0x00000000fef00000, 0x00000000fef00000|100%| E|CS|TAMS 0x00000000fee00000, 0x00000000fee00000| Complete 
|  47|0x00000000fef00000, 0x00000000ff000000, 0x00000000ff000000|100%| E|  |TAMS 0x00000000fef00000, 0x00000000fef00000| Complete 
|  48|0x00000000ff000000, 0x00000000ff100000, 0x00000000ff100000|100%| E|CS|TAMS 0x00000000ff000000, 0x00000000ff000000| Complete 
|  49|0x00000000ff100000, 0x00000000ff200000, 0x00000000ff200000|100%| E|CS|TAMS 0x00000000ff100000, 0x00000000ff100000| Complete 
|  50|0x00000000ff200000, 0x00000000ff300000, 0x00000000ff300000|100%| E|CS|TAMS 0x00000000ff200000, 0x00000000ff200000| Complete 
|  51|0x00000000ff300000, 0x00000000ff400000, 0x00000000ff400000|100%| E|CS|TAMS 0x00000000ff300000, 0x00000000ff300000| Complete 
|  52|0x00000000ff400000, 0x00000000ff500000, 0x00000000ff500000|100%| E|CS|TAMS 0x00000000ff400000, 0x00000000ff400000| Complete 
|  53|0x00000000ff500000, 0x00000000ff600000, 0x00000000ff600000|100%| E|CS|TAMS 0x00000000ff500000, 0x00000000ff500000| Complete 
|  54|0x00000000ff600000, 0x00000000ff700000, 0x00000000ff700000|100%| E|CS|TAMS 0x00000000ff600000, 0x00000000ff600000| Complete 
|  55|0x00000000ff700000, 0x00000000ff800000, 0x00000000ff800000|100%| E|CS|TAMS 0x00000000ff700000, 0x00000000ff700000| Complete 
|  56|0x00000000ff800000, 0x00000000ff900000, 0x00000000ff900000|100%| E|CS|TAMS 0x00000000ff800000, 0x00000000ff800000| Complete 
|  57|0x00000000ff900000, 0x00000000ffa00000, 0x00000000ffa00000|100%| E|CS|TAMS 0x00000000ff900000, 0x00000000ff900000| Complete 
|  58|0x00000000ffa00000, 0x00000000ffb00000, 0x00000000ffb00000|100%| E|CS|TAMS 0x00000000ffa00000, 0x00000000ffa00000| Complete 
|  59|0x00000000ffb00000, 0x00000000ffc00000, 0x00000000ffc00000|100%| E|CS|TAMS 0x00000000ffb00000, 0x00000000ffb00000| Complete 
|  60|0x00000000ffc00000, 0x00000000ffd00000, 0x00000000ffd00000|100%| E|CS|TAMS 0x00000000ffc00000, 0x00000000ffc00000| Complete 
|  61|0x00000000ffd00000, 0x00000000ffe00000, 0x00000000ffe00000|100%| E|CS|TAMS 0x00000000ffd00000, 0x00000000ffd00000| Complete 
|  62|0x00000000ffe00000, 0x00000000fff00000, 0x00000000fff00000|100%| E|CS|TAMS 0x00000000ffe00000, 0x00000000ffe00000| Complete 
|  63|0x00000000fff00000, 0x0000000100000000, 0x0000000100000000|100%| E|CS|TAMS 0x00000000fff00000, 0x00000000fff00000| Complete 

Card table byte_map: [0x0000021aae3f0000,0x0000021aae410000] _byte_map_base: 0x0000021aadc10000

Marking Bits (Prev, Next): (CMBitMap*) 0x0000021aae4c27f0, (CMBitMap*) 0x0000021aae4c2830
 Prev Bits: [0x0000021ac5080000, 0x0000021ac5180000)
 Next Bits: [0x0000021ac5180000, 0x0000021ac5280000)

Polling page: 0x0000021aadc70000

Metaspace:

Usage:
  Non-class:      2.89 MB used.
      Class:    392.68 KB used.
       Both:      3.28 MB used.

Virtual space:
  Non-class space:       64.00 MB reserved,       3.00 MB (  5%) committed,  1 nodes.
      Class space:        1.00 GB reserved,     448.00 KB ( <1%) committed,  1 nodes.
             Both:        1.06 GB reserved,       3.44 MB ( <1%) committed. 

Chunk freelists:
   Non-Class:  10.80 MB
       Class:  15.50 MB
        Both:  26.30 MB

MaxMetaspaceSize: unlimited
CompressedClassSpaceSize: 1.00 GB
Initial GC threshold: 21.00 MB
Current GC threshold: 21.00 MB
CDS: on
MetaspaceReclaimPolicy: balanced
 - commit_granule_bytes: 65536.
 - commit_granule_words: 8192.
 - virtual_space_node_default_size: 8388608.
 - enlarge_chunks_in_place: 1.
 - new_chunks_are_fully_committed: 0.
 - uncommit_free_chunks: 1.
 - use_allocation_guard: 0.
 - handle_deallocations: 1.


Internal statistics:

num_allocs_failed_limit: 0.
num_arena_births: 16.
num_arena_deaths: 0.
num_vsnodes_births: 2.
num_vsnodes_deaths: 0.
num_space_committed: 55.
num_space_uncommitted: 0.
num_chunks_returned_to_freelist: 0.
num_chunks_taken_from_freelist: 92.
num_chunk_merges: 0.
num_chunk_splits: 61.
num_chunks_enlarged: 54.
num_inconsistent_stats: 0.

CodeHeap 'non-profiled nmethods': size=120000Kb used=293Kb max_used=293Kb free=119707Kb
 bounds [0x0000021abd820000, 0x0000021abda90000, 0x0000021ac4d50000]
CodeHeap 'profiled nmethods': size=120000Kb used=1509Kb max_used=1509Kb free=118490Kb
 bounds [0x0000021ab5d50000, 0x0000021ab5fc0000, 0x0000021abd280000]
CodeHeap 'non-nmethods': size=5760Kb used=1140Kb max_used=1164Kb free=4620Kb
 bounds [0x0000021abd280000, 0x0000021abd4f0000, 0x0000021abd820000]
 total_blobs=1208 nmethods=796 adapters=325
 compilation: enabled
              stopped_count=0, restarted_count=0
 full_count=0

Compilation events (20 events):
Event: 0.709 Thread 0x0000021ac7c39420  784   !   3       java.net.URLClassLoader::defineClass (224 bytes)
Event: 0.711 Thread 0x0000021ac7c39420 nmethod 784 0x0000021ab5eb7110 code [0x0000021ab5eb75c0, 0x0000021ab5eb9728]
Event: 0.711 Thread 0x0000021ac7c39420  785       3       java.net.URLClassLoader::getAndVerifyPackage (109 bytes)
Event: 0.713 Thread 0x0000021ac7c39420 nmethod 785 0x0000021ab5eba610 code [0x0000021ab5eba980, 0x0000021ab5ebbb88]
Event: 0.713 Thread 0x0000021ac7c39420  786       3       jdk.internal.perf.PerfCounter::getReadClassBytesTime (4 bytes)
Event: 0.713 Thread 0x0000021ac7c39420 nmethod 786 0x0000021ab5ebc190 code [0x0000021ab5ebc320, 0x0000021ab5ebc418]
Event: 0.716 Thread 0x0000021ac7c39420  789       3       java.lang.String::newStringUTF8NoRepl (276 bytes)
Event: 0.717 Thread 0x0000021ac7c39420 nmethod 789 0x0000021ab5ebc490 code [0x0000021ab5ebc740, 0x0000021ab5ebd708]
Event: 0.719 Thread 0x0000021ac7c39420  790       3       java.net.URLClassLoader$1::run (5 bytes)
Event: 0.719 Thread 0x0000021ac7c39420 nmethod 790 0x0000021ab5ebdc10 code [0x0000021ab5ebdda0, 0x0000021ab5ebdee8]
Event: 0.719 Thread 0x0000021ac7c39420  791   !   3       java.net.URLClassLoader$1::run (81 bytes)
Event: 0.721 Thread 0x0000021ac7c39420 nmethod 791 0x0000021ab5ebdf90 code [0x0000021ab5ebe320, 0x0000021ab5ebf798]
Event: 0.721 Thread 0x0000021ac7c39420  792  s    3       java.util.jar.JarFile::getInputStream (72 bytes)
Event: 0.721 Thread 0x0000021ac7c39420 nmethod 792 0x0000021ab5ec0010 code [0x0000021ab5ec0240, 0x0000021ab5ec0798]
Event: 0.721 Thread 0x0000021ac7c39420  793       3       java.lang.ClassLoader::definePackage (85 bytes)
Event: 0.723 Thread 0x0000021ac7c39420 nmethod 793 0x0000021ab5ec0990 code [0x0000021ab5ec0c60, 0x0000021ab5ec1bb8]
Event: 0.723 Thread 0x0000021ac7c39420  794       3       java.lang.ClassLoader::compareCerts (197 bytes)
Event: 0.723 Thread 0x0000021ac7c39420 nmethod 794 0x0000021ab5ec2090 code [0x0000021ab5ec22a0, 0x0000021ab5ec2b58]
Event: 0.739 Thread 0x0000021ac7c39420  795       3       sun.net.www.ParseUtil::encodePath (41 bytes)
Event: 0.739 Thread 0x0000021ac7c39420 nmethod 795 0x0000021ab5ec2e10 code [0x0000021ab5ec2fe0, 0x0000021ab5ec3248]

GC Heap History (0 events):
No events

Deoptimization events (20 events):
Event: 0.484 Thread 0x0000021aae49e9b0 Uncommon trap: trap_request=0xffffffde fr.pc=0x0000021abd8484f4 relative=0x0000000000000ef4
Event: 0.484 Thread 0x0000021aae49e9b0 Uncommon trap: reason=class_check action=maybe_recompile pc=0x0000021abd8484f4 method=java.util.HashMap.putVal(ILjava/lang/Object;Ljava/lang/Object;ZZ)Ljava/lang/Object; @ 203 c2
Event: 0.484 Thread 0x0000021aae49e9b0 DEOPT PACKING pc=0x0000021abd8484f4 sp=0x00000072d4af9a60
Event: 0.484 Thread 0x0000021aae49e9b0 DEOPT UNPACKING pc=0x0000021abd2d5ba3 sp=0x00000072d4af99f0 mode 2
Event: 0.492 Thread 0x0000021aae49e9b0 DEOPT PACKING pc=0x0000021ab5d9cff7 sp=0x00000072d4afbe50
Event: 0.492 Thread 0x0000021aae49e9b0 DEOPT UNPACKING pc=0x0000021abd2d66e3 sp=0x00000072d4afb310 mode 0
Event: 0.570 Thread 0x0000021aae49e9b0 Uncommon trap: trap_request=0xffffff45 fr.pc=0x0000021abd84f4d8 relative=0x0000000000000418
Event: 0.570 Thread 0x0000021aae49e9b0 Uncommon trap: reason=unstable_if action=reinterpret pc=0x0000021abd84f4d8 method=java.util.zip.ZipCoder$UTF8ZipCoder.checkedHash([BII)I @ 27 c2
Event: 0.570 Thread 0x0000021aae49e9b0 DEOPT PACKING pc=0x0000021abd84f4d8 sp=0x00000072d4afb6c0
Event: 0.570 Thread 0x0000021aae49e9b0 DEOPT UNPACKING pc=0x0000021abd2d5ba3 sp=0x00000072d4afb588 mode 2
Event: 0.570 Thread 0x0000021aae49e9b0 Uncommon trap: trap_request=0xffffff45 fr.pc=0x0000021abd82953c relative=0x00000000000001bc
Event: 0.570 Thread 0x0000021aae49e9b0 Uncommon trap: reason=unstable_if action=reinterpret pc=0x0000021abd82953c method=java.lang.String.hashCode()I @ 20 c2
Event: 0.570 Thread 0x0000021aae49e9b0 DEOPT PACKING pc=0x0000021abd82953c sp=0x00000072d4afb4c0
Event: 0.570 Thread 0x0000021aae49e9b0 DEOPT UNPACKING pc=0x0000021abd2d5ba3 sp=0x00000072d4afb450 mode 2
Event: 0.570 Thread 0x0000021aae49e9b0 Uncommon trap: trap_request=0xffffff45 fr.pc=0x0000021abd84da18 relative=0x0000000000000178
Event: 0.570 Thread 0x0000021aae49e9b0 Uncommon trap: reason=unstable_if action=reinterpret pc=0x0000021abd84da18 method=java.util.zip.ZipFile$Source.isMetaName([BII)Z @ 57 c2
Event: 0.570 Thread 0x0000021aae49e9b0 DEOPT PACKING pc=0x0000021abd84da18 sp=0x00000072d4afb6d0
Event: 0.570 Thread 0x0000021aae49e9b0 DEOPT UNPACKING pc=0x0000021abd2d5ba3 sp=0x00000072d4afb660 mode 2
Event: 0.716 Thread 0x0000021aae49e9b0 DEOPT PACKING pc=0x0000021ab5e600a7 sp=0x00000072d4af89c0
Event: 0.716 Thread 0x0000021aae49e9b0 DEOPT UNPACKING pc=0x0000021abd2d66e3 sp=0x00000072d4af7e20 mode 0

Classes unloaded (0 events):
No events

Classes redefined (0 events):
No events

Internal exceptions (1 events):
Event: 0.184 Thread 0x0000021aae49e9b0 Exception <a 'java/lang/NoSuchMethodError'{0x00000000ffc6ece8}: 'int java.lang.invoke.DirectMethodHandle$Holder.invokeStaticInit(java.lang.Object, java.lang.Object)'> (0x00000000ffc6ece8) 
thrown [s\open\src\hotspot\share\interpreter\linkResolver.cpp, line 759]

VM Operations (2 events):
Event: 0.097 Executing VM operation: HandshakeAllThreads
Event: 0.097 Executing VM operation: HandshakeAllThreads done

Events (20 events):
Event: 0.612 loading class java/lang/IllegalAccessException
Event: 0.612 loading class java/lang/IllegalAccessException done
Event: 0.612 loading class java/lang/reflect/UndeclaredThrowableException
Event: 0.612 loading class java/lang/reflect/UndeclaredThrowableException done
Event: 0.612 loading class java/lang/reflect/Proxy$ProxyBuilder$1
Event: 0.612 loading class java/lang/reflect/Proxy$ProxyBuilder$1 done
Event: 0.613 loading class java/lang/reflect/InvocationTargetException
Event: 0.613 loading class java/lang/reflect/InvocationTargetException done
Event: 0.623 loading class java/util/LinkedList$ListItr
Event: 0.623 loading class java/util/LinkedList$ListItr done
Event: 0.627 loading class java/util/concurrent/ConcurrentLinkedQueue
Event: 0.627 loading class java/util/concurrent/ConcurrentLinkedQueue done
Event: 0.628 loading class java/util/concurrent/ConcurrentLinkedQueue$Node
Event: 0.628 loading class java/util/concurrent/ConcurrentLinkedQueue$Node done
Event: 0.630 loading class java/lang/reflect/ParameterizedType
Event: 0.630 loading class java/lang/reflect/ParameterizedType done
Event: 0.709 loading class java/io/InvalidObjectException
Event: 0.709 loading class java/io/ObjectStreamException
Event: 0.709 loading class java/io/ObjectStreamException done
Event: 0.709 loading class java/io/InvalidObjectException done


Dynamic libraries:
0x00007ff6b8d10000 - 0x00007ff6b8d20000 	C:\Program Files\Java\jdk-17\bin\java.exe
0x00007ffa47350000 - 0x00007ffa47567000 	C:\Windows\SYSTEM32\ntdll.dll
0x00007ffa468e0000 - 0x00007ffa469a4000 	C:\Windows\System32\KERNEL32.DLL
0x00007ffa44870000 - 0x00007ffa44c16000 	C:\Windows\System32\KERNELBASE.dll
0x00007ffa44750000 - 0x00007ffa44861000 	C:\Windows\System32\ucrtbase.dll
0x00007ffa2b670000 - 0x00007ffa2b689000 	C:\Program Files\Java\jdk-17\bin\jli.dll
0x00007ffa2b640000 - 0x00007ffa2b65b000 	C:\Program Files\Java\jdk-17\bin\VCRUNTIME140.dll
0x00007ffa46e00000 - 0x00007ffa46eb1000 	C:\Windows\System32\ADVAPI32.dll
0x00007ffa45c80000 - 0x00007ffa45d27000 	C:\Windows\System32\msvcrt.dll
0x00007ffa46820000 - 0x00007ffa468c5000 	C:\Windows\System32\sechost.dll
0x00007ffa469b0000 - 0x00007ffa46ac7000 	C:\Windows\System32\RPCRT4.dll
0x00007ffa46670000 - 0x00007ffa4681e000 	C:\Windows\System32\USER32.dll
0x00007ffa44c20000 - 0x00007ffa44c46000 	C:\Windows\System32\win32u.dll
0x00007ffa2dd90000 - 0x00007ffa2e023000 	C:\Windows\WinSxS\amd64_microsoft.windows.common-controls_6595b64144ccf1df_6.0.22621.2506_none_270c5ae97388e100\COMCTL32.dll
0x00007ffa47060000 - 0x00007ffa47089000 	C:\Windows\System32\GDI32.dll
0x00007ffa44f50000 - 0x00007ffa45068000 	C:\Windows\System32\gdi32full.dll
0x00007ffa44e30000 - 0x00007ffa44eca000 	C:\Windows\System32\msvcp_win.dll
0x00007ffa3aca0000 - 0x00007ffa3acaa000 	C:\Windows\SYSTEM32\VERSION.dll
0x00007ffa47020000 - 0x00007ffa47051000 	C:\Windows\System32\IMM32.DLL
0x00007ffa2b8a0000 - 0x00007ffa2b8ac000 	C:\Program Files\Java\jdk-17\bin\vcruntime140_1.dll
0x00007ff9f3ce0000 - 0x00007ff9f3d6e000 	C:\Program Files\Java\jdk-17\bin\msvcp140.dll
0x00007ff99feb0000 - 0x00007ff9a0a8f000 	C:\Program Files\Java\jdk-17\bin\server\jvm.dll
0x00007ffa45160000 - 0x00007ffa45168000 	C:\Windows\System32\PSAPI.DLL
0x00007ffa21c10000 - 0x00007ffa21c19000 	C:\Windows\SYSTEM32\WSOCK32.dll
0x00007ffa41e90000 - 0x00007ffa41ec4000 	C:\Windows\SYSTEM32\WINMM.dll
0x00007ffa46ec0000 - 0x00007ffa46f31000 	C:\Windows\System32\WS2_32.dll
0x00007ffa43650000 - 0x00007ffa43668000 	C:\Windows\SYSTEM32\kernel.appcore.dll
0x00007ffa2b830000 - 0x00007ffa2b83a000 	C:\Program Files\Java\jdk-17\bin\jimage.dll
0x00007ffa41c10000 - 0x00007ffa41e43000 	C:\Windows\SYSTEM32\DBGHELP.DLL
0x00007ffa45890000 - 0x00007ffa45c19000 	C:\Windows\System32\combase.dll
0x00007ffa45d30000 - 0x00007ffa45e07000 	C:\Windows\System32\OLEAUT32.dll
0x00007ffa41bd0000 - 0x00007ffa41c02000 	C:\Windows\SYSTEM32\dbgcore.DLL
0x00007ffa44ed0000 - 0x00007ffa44f4a000 	C:\Windows\System32\bcryptPrimitives.dll
0x00007ffa10eb0000 - 0x00007ffa10ed5000 	C:\Program Files\Java\jdk-17\bin\java.dll
0x00007ff9b65b0000 - 0x00007ff9b6687000 	C:\Program Files\Java\jdk-17\bin\jsvml.dll
0x00007ffa45e10000 - 0x00007ffa4666a000 	C:\Windows\System32\SHELL32.dll
0x00007ffa424b0000 - 0x00007ffa42da6000 	C:\Windows\SYSTEM32\windows.storage.dll
0x00007ffa42370000 - 0x00007ffa424ae000 	C:\Windows\SYSTEM32\wintypes.dll
0x00007ffa45170000 - 0x00007ffa45263000 	C:\Windows\System32\SHCORE.dll
0x00007ffa45c20000 - 0x00007ffa45c7e000 	C:\Windows\System32\shlwapi.dll
0x00007ffa445c0000 - 0x00007ffa445e6000 	C:\Windows\SYSTEM32\profapi.dll
0x00007ffa2ab10000 - 0x00007ffa2ab29000 	C:\Program Files\Java\jdk-17\bin\net.dll
0x00007ffa3e3f0000 - 0x00007ffa3e527000 	C:\Windows\SYSTEM32\WINHTTP.dll
0x00007ffa43ac0000 - 0x00007ffa43b29000 	C:\Windows\system32\mswsock.dll
0x00007ffa29ee0000 - 0x00007ffa29ef6000 	C:\Program Files\Java\jdk-17\bin\nio.dll
0x00007ffa298d0000 - 0x00007ffa298e8000 	C:\Program Files\Java\jdk-17\bin\zip.dll
0x00007ffa2b7e0000 - 0x00007ffa2b7f0000 	C:\Program Files\Java\jdk-17\bin\verify.dll

dbghelp: loaded successfully - version: 4.0.5 - missing functions: none
symbol engine: initialized successfully - sym options: 0x614 - pdb path: .;C:\Program Files\Java\jdk-17\bin;C:\Windows\SYSTEM32;C:\Windows\WinSxS\amd64_microsoft.windows.common-controls_6595b64144ccf1df_6.0.22621.2506_none_270c5ae97388e100;C:\Program Files\Java\jdk-17\bin\server

VM Arguments:
jvm_args: -Xmx64m -Xms64m -Dorg.gradle.appname=gradlew 
java_command: org.gradle.wrapper.GradleWrapperMain app:installDebug -PreactNativeDevServerPort=8081
java_class_path (initial): D:\ILPeX frontend\ilpex-frontend\android\\gradle\wrapper\gradle-wrapper.jar
Launcher Type: SUN_STANDARD

[Global flags]
     intx CICompilerCount                          = 4                                         {product} {ergonomic}
     uint ConcGCThreads                            = 2                                         {product} {ergonomic}
     uint G1ConcRefinementThreads                  = 8                                         {product} {ergonomic}
   size_t G1HeapRegionSize                         = 1048576                                   {product} {ergonomic}
    uintx GCDrainStackTargetSize                   = 64                                        {product} {ergonomic}
   size_t InitialHeapSize                          = 67108864                                  {product} {command line}
   size_t MarkStackSize                            = 4194304                                   {product} {ergonomic}
   size_t MaxHeapSize                              = 67108864                                  {product} {command line}
   size_t MaxNewSize                               = 39845888                                  {product} {ergonomic}
   size_t MinHeapDeltaBytes                        = 1048576                                   {product} {ergonomic}
   size_t MinHeapSize                              = 67108864                                  {product} {command line}
    uintx NonNMethodCodeHeapSize                   = 5839372                                {pd product} {ergonomic}
    uintx NonProfiledCodeHeapSize                  = 122909434                              {pd product} {ergonomic}
    uintx ProfiledCodeHeapSize                     = 122909434                              {pd product} {ergonomic}
    uintx ReservedCodeCacheSize                    = 251658240                              {pd product} {ergonomic}
     bool SegmentedCodeCache                       = true                                      {product} {ergonomic}
   size_t SoftMaxHeapSize                          = 67108864                               {manageable} {ergonomic}
     bool UseCompressedClassPointers               = true                           {product lp64_product} {ergonomic}
     bool UseCompressedOops                        = true                           {product lp64_product} {ergonomic}
     bool UseG1GC                                  = true                                      {product} {ergonomic}
     bool UseLargePagesIndividualAllocation        = false                                  {pd product} {ergonomic}

Logging:
Log output configuration:
 #0: stdout all=warning uptime,level,tags
 #1: stderr all=off uptime,level,tags

Environment Variables:
JAVA_HOME=C:\Program Files\Java\jdk-17
CLASSPATH=D:\ILPeX frontend\ilpex-frontend\android\\gradle\wrapper\gradle-wrapper.jar
PATH=D:\ILPeX frontend\ilpex-frontend\node_modules\.bin;D:\ILPeX frontend\ilpex-frontend\node_modules\.bin;D:\ILPeX frontend\node_modules\.bin;D:\node_modules\.bin;C:\Program Files\nodejs\node_modules\npm\node_modules\@npmcli\run-script\lib\node-gyp-bin;D:\ILPeX frontend\ilpex-frontend\node_modules\.bin;D:\ILPeX frontend\node_modules\.bin;D:\node_modules\.bin;C:\Program Files\nodejs\node_modules\npm\node_modules\@npmcli\run-script\lib\node-gyp-bin;C:\Program Files\Common Files\Oracle\Java\javapath;C:\Windows\system32;C:\Windows;C:\Windows\System32\Wbem;C:\Windows\System32\WindowsPowerShell\v1.0\;C:\Windows\System32\OpenSSH\;C:\Program Files\nodejs\;C:\Program Files\dotnet\;C:\Program Files\Java;C:\Users\elena.varghese\AppData\Local\Android\Sdk\platform-tools;C:\Users\elena.varghese\AppData\Local\Programs\Microsoft VS Code\bin;C:\Users\elena.varghese\AppData\Roaming\npm;C:\Users\elena.varghese\AppData\Local\Programs\Git\cmd;
USERNAME=elena.varghese
LANG=en_US.UTF-8
OS=Windows_NT
PROCESSOR_IDENTIFIER=Intel64 Family 6 Model 140 Stepping 1, GenuineIntel



---------------  S Y S T E M  ---------------

OS:
 Windows 11 , 64 bit Build 22621 (10.0.22621.2506)
OS uptime: 3 days 13:11 hours
Hyper-V role detected

CPU: total 8 (initial active 8) (4 cores per cpu, 2 threads per core) family 6 model 140 stepping 1 microcode 0xb4, cx8, cmov, fxsr, ht, mmx, 3dnowpref, sse, sse2, sse3, ssse3, sse4.1, sse4.2, popcnt, lzcnt, tsc, tscinvbit, avx, avx2, aes, erms, clmul, bmi1, bmi2, adx, avx512f, avx512dq, avx512cd, avx512bw, avx512vl, sha, fma, vzeroupper, avx512_vpopcntdq, avx512_vpclmulqdq, avx512_vaes, avx512_vnni, clflush, clflushopt, clwb, avx512_vbmi2, avx512_vbmi, hv

Memory: 4k page, system-wide physical 16126M (944M free)
TotalPageFile size 48326M (AvailPageFile size 1M)
current process WorkingSet (physical memory assigned to process): 78M, peak: 78M
current process commit charge ("private bytes"): 163M, peak: 164M

vm_info: Java HotSpot(TM) 64-Bit Server VM (17.0.10+11-LTS-240) for windows-amd64 JRE (17.0.10+11-LTS-240), built on Dec 19 2023 21:47:25 by "mach5one" with MS VC++ 17.1 (VS2022)

END.
